{"/Users/deyan/Desktop/projects/mixer-backend/_testCommon.js": {"path":"/Users/deyan/Desktop/projects/mixer-backend/_testCommon.js","statementMap":{"0":{"start":{"line":1,"column":11},"end":{"line":1,"column":26}},"1":{"start":{"line":4,"column":2},"end":{"line":4,"column":26}},"2":{"start":{"line":8,"column":2},"end":{"line":8,"column":29}},"3":{"start":{"line":12,"column":2},"end":{"line":12,"column":17}},"4":{"start":{"line":15,"column":0},"end":{"line":19,"column":2}}},"fnMap":{"0":{"name":"commonBeforeEach","decl":{"start":{"line":3,"column":15},"end":{"line":3,"column":31}},"loc":{"start":{"line":3,"column":34},"end":{"line":5,"column":1}},"line":3},"1":{"name":"commonAfterEach","decl":{"start":{"line":7,"column":15},"end":{"line":7,"column":30}},"loc":{"start":{"line":7,"column":33},"end":{"line":9,"column":1}},"line":7},"2":{"name":"commonAfterAll","decl":{"start":{"line":11,"column":15},"end":{"line":11,"column":29}},"loc":{"start":{"line":11,"column":32},"end":{"line":13,"column":1}},"line":11}},"branchMap":{},"s":{"0":6,"1":61,"2":61,"3":6,"4":6},"f":{"0":61,"1":61,"2":6},"b":{},"_coverageSchema":"1a1c01bbd47fc00a2c39e90264f33305004495a9","hash":"64965835d642d700b2c4106c7b20c384d35930df"}
,"/Users/deyan/Desktop/projects/mixer-backend/app.js": {"path":"/Users/deyan/Desktop/projects/mixer-backend/app.js","statementMap":{"0":{"start":{"line":1,"column":16},"end":{"line":1,"column":34}},"1":{"start":{"line":2,"column":12},"end":{"line":2,"column":21}},"2":{"start":{"line":3,"column":21},"end":{"line":3,"column":46}},"3":{"start":{"line":4,"column":25},"end":{"line":4,"column":56}},"4":{"start":{"line":5,"column":22},"end":{"line":5,"column":51}},"5":{"start":{"line":6,"column":19},"end":{"line":6,"column":44}},"6":{"start":{"line":7,"column":13},"end":{"line":7,"column":28}},"7":{"start":{"line":9,"column":0},"end":{"line":9,"column":16}},"8":{"start":{"line":10,"column":0},"end":{"line":10,"column":24}},"9":{"start":{"line":11,"column":0},"end":{"line":11,"column":42}},"10":{"start":{"line":12,"column":0},"end":{"line":12,"column":37}},"11":{"start":{"line":13,"column":0},"end":{"line":13,"column":30}},"12":{"start":{"line":15,"column":0},"end":{"line":18,"column":3}},"13":{"start":{"line":16,"column":12},"end":{"line":16,"column":51}},"14":{"start":{"line":17,"column":2},"end":{"line":17,"column":10}},"15":{"start":{"line":20,"column":0},"end":{"line":24,"column":3}},"16":{"start":{"line":21,"column":17},"end":{"line":21,"column":36}},"17":{"start":{"line":22,"column":14},"end":{"line":22,"column":23}},"18":{"start":{"line":23,"column":2},"end":{"line":23,"column":31}},"19":{"start":{"line":26,"column":0},"end":{"line":26,"column":21}}},"fnMap":{"0":{"name":"(anonymous_0)","decl":{"start":{"line":15,"column":8},"end":{"line":15,"column":9}},"loc":{"start":{"line":15,"column":28},"end":{"line":18,"column":1}},"line":15},"1":{"name":"(anonymous_1)","decl":{"start":{"line":20,"column":8},"end":{"line":20,"column":9}},"loc":{"start":{"line":20,"column":35},"end":{"line":24,"column":1}},"line":20}},"branchMap":{"0":{"loc":{"start":{"line":21,"column":17},"end":{"line":21,"column":36}},"type":"binary-expr","locations":[{"start":{"line":21,"column":17},"end":{"line":21,"column":29}},{"start":{"line":21,"column":33},"end":{"line":21,"column":36}}],"line":21}},"s":{"0":3,"1":3,"2":3,"3":3,"4":3,"5":3,"6":3,"7":3,"8":3,"9":3,"10":3,"11":3,"12":3,"13":0,"14":0,"15":3,"16":10,"17":10,"18":10,"19":3},"f":{"0":0,"1":10},"b":{"0":[10,0]},"_coverageSchema":"1a1c01bbd47fc00a2c39e90264f33305004495a9","hash":"abeea4be0d0b546271f89b922cfd3ae5a2cd0f06"}
,"/Users/deyan/Desktop/projects/mixer-backend/config.js": {"path":"/Users/deyan/Desktop/projects/mixer-backend/config.js","statementMap":{"0":{"start":{"line":3,"column":0},"end":{"line":3,"column":27}},"1":{"start":{"line":6,"column":2},"end":{"line":8,"column":45}},"2":{"start":{"line":12,"column":2},"end":{"line":13,"column":75}},"3":{"start":{"line":15,"column":27},"end":{"line":15,"column":29}},"4":{"start":{"line":17,"column":13},"end":{"line":17,"column":38}},"5":{"start":{"line":19,"column":0},"end":{"line":24,"column":2}}},"fnMap":{"0":{"name":"getDatabaseUri","decl":{"start":{"line":5,"column":9},"end":{"line":5,"column":23}},"loc":{"start":{"line":5,"column":26},"end":{"line":9,"column":1}},"line":5}},"branchMap":{"0":{"loc":{"start":{"line":6,"column":9},"end":{"line":8,"column":44}},"type":"cond-expr","locations":[{"start":{"line":7,"column":6},"end":{"line":7,"column":21}},{"start":{"line":8,"column":6},"end":{"line":8,"column":44}}],"line":6},"1":{"loc":{"start":{"line":8,"column":6},"end":{"line":8,"column":44}},"type":"binary-expr","locations":[{"start":{"line":8,"column":6},"end":{"line":8,"column":30}},{"start":{"line":8,"column":34},"end":{"line":8,"column":44}}],"line":8},"2":{"loc":{"start":{"line":12,"column":2},"end":{"line":13,"column":75}},"type":"binary-expr","locations":[{"start":{"line":12,"column":2},"end":{"line":12,"column":24}},{"start":{"line":13,"column":2},"end":{"line":13,"column":75}}],"line":12},"3":{"loc":{"start":{"line":17,"column":13},"end":{"line":17,"column":38}},"type":"binary-expr","locations":[{"start":{"line":17,"column":13},"end":{"line":17,"column":30}},{"start":{"line":17,"column":34},"end":{"line":17,"column":38}}],"line":17}},"s":{"0":6,"1":6,"2":6,"3":6,"4":6,"5":6},"f":{"0":6},"b":{"0":[6,0],"1":[0,0],"2":[6,6],"3":[6,6]},"_coverageSchema":"1a1c01bbd47fc00a2c39e90264f33305004495a9","hash":"5f00f324e76b0b0a613e3ec3e73ad7c6f3e7deaa"}
,"/Users/deyan/Desktop/projects/mixer-backend/db.js": {"path":"/Users/deyan/Desktop/projects/mixer-backend/db.js","statementMap":{"0":{"start":{"line":1,"column":19},"end":{"line":1,"column":32}},"1":{"start":{"line":2,"column":27},"end":{"line":2,"column":46}},"2":{"start":{"line":6,"column":0},"end":{"line":17,"column":1}},"3":{"start":{"line":7,"column":2},"end":{"line":12,"column":5}},"4":{"start":{"line":14,"column":2},"end":{"line":16,"column":5}},"5":{"start":{"line":19,"column":0},"end":{"line":19,"column":17}},"6":{"start":{"line":21,"column":0},"end":{"line":21,"column":24}}},"fnMap":{},"branchMap":{"0":{"loc":{"start":{"line":6,"column":0},"end":{"line":17,"column":1}},"type":"if","locations":[{"start":{"line":6,"column":0},"end":{"line":17,"column":1}},{"start":{"line":6,"column":0},"end":{"line":17,"column":1}}],"line":6}},"s":{"0":6,"1":6,"2":6,"3":0,"4":6,"5":6,"6":6},"f":{},"b":{"0":[0,6]},"_coverageSchema":"1a1c01bbd47fc00a2c39e90264f33305004495a9","hash":"c9d83e7c31dc1ef6c12acedd561f9011cc609652"}
,"/Users/deyan/Desktop/projects/mixer-backend/expressError.js": {"path":"/Users/deyan/Desktop/projects/mixer-backend/expressError.js","statementMap":{"0":{"start":{"line":3,"column":4},"end":{"line":3,"column":12}},"1":{"start":{"line":4,"column":4},"end":{"line":4,"column":19}},"2":{"start":{"line":5,"column":4},"end":{"line":5,"column":25}},"3":{"start":{"line":10,"column":0},"end":{"line":10,"column":30}}},"fnMap":{"0":{"name":"(anonymous_0)","decl":{"start":{"line":2,"column":2},"end":{"line":2,"column":3}},"loc":{"start":{"line":2,"column":27},"end":{"line":7,"column":3}},"line":2}},"branchMap":{},"s":{"0":20,"1":20,"2":20,"3":6},"f":{"0":20},"b":{},"_coverageSchema":"1a1c01bbd47fc00a2c39e90264f33305004495a9","hash":"a3ca3e2ed84cdee0e6b162bb81d20c654a32c45a"}
,"/Users/deyan/Desktop/projects/mixer-backend/models/cocktail.js": {"path":"/Users/deyan/Desktop/projects/mixer-backend/models/cocktail.js","statementMap":{"0":{"start":{"line":1,"column":11},"end":{"line":1,"column":27}},"1":{"start":{"line":2,"column":21},"end":{"line":2,"column":47}},"2":{"start":{"line":6,"column":19},"end":{"line":9,"column":21}},"3":{"start":{"line":10,"column":4},"end":{"line":10,"column":23}},"4":{"start":{"line":14,"column":19},"end":{"line":21,"column":5}},"5":{"start":{"line":23,"column":4},"end":{"line":23,"column":23}},"6":{"start":{"line":27,"column":19},"end":{"line":33,"column":5}},"7":{"start":{"line":34,"column":4},"end":{"line":36,"column":5}},"8":{"start":{"line":35,"column":6},"end":{"line":35,"column":56}},"9":{"start":{"line":37,"column":4},"end":{"line":37,"column":26}},"10":{"start":{"line":41,"column":19},"end":{"line":47,"column":5}},"11":{"start":{"line":48,"column":4},"end":{"line":50,"column":5}},"12":{"start":{"line":49,"column":6},"end":{"line":49,"column":56}},"13":{"start":{"line":51,"column":4},"end":{"line":51,"column":26}},"14":{"start":{"line":55,"column":16},"end":{"line":55,"column":41}},"15":{"start":{"line":56,"column":19},"end":{"line":63,"column":5}},"16":{"start":{"line":64,"column":4},"end":{"line":66,"column":5}},"17":{"start":{"line":65,"column":6},"end":{"line":65,"column":56}},"18":{"start":{"line":67,"column":4},"end":{"line":67,"column":23}},"19":{"start":{"line":71,"column":19},"end":{"line":80,"column":5}},"20":{"start":{"line":82,"column":4},"end":{"line":82,"column":23}},"21":{"start":{"line":86,"column":19},"end":{"line":93,"column":5}},"22":{"start":{"line":97,"column":19},"end":{"line":104,"column":5}},"23":{"start":{"line":108,"column":0},"end":{"line":108,"column":26}}},"fnMap":{"0":{"name":"(anonymous_0)","decl":{"start":{"line":5,"column":2},"end":{"line":5,"column":3}},"loc":{"start":{"line":5,"column":24},"end":{"line":11,"column":3}},"line":5},"1":{"name":"(anonymous_1)","decl":{"start":{"line":13,"column":2},"end":{"line":13,"column":3}},"loc":{"start":{"line":13,"column":30},"end":{"line":24,"column":3}},"line":13},"2":{"name":"(anonymous_2)","decl":{"start":{"line":26,"column":2},"end":{"line":26,"column":3}},"loc":{"start":{"line":26,"column":27},"end":{"line":38,"column":3}},"line":26},"3":{"name":"(anonymous_3)","decl":{"start":{"line":40,"column":2},"end":{"line":40,"column":3}},"loc":{"start":{"line":40,"column":31},"end":{"line":52,"column":3}},"line":40},"4":{"name":"(anonymous_4)","decl":{"start":{"line":54,"column":2},"end":{"line":54,"column":3}},"loc":{"start":{"line":54,"column":29},"end":{"line":68,"column":3}},"line":54},"5":{"name":"(anonymous_5)","decl":{"start":{"line":70,"column":2},"end":{"line":70,"column":3}},"loc":{"start":{"line":70,"column":34},"end":{"line":83,"column":3}},"line":70},"6":{"name":"(anonymous_6)","decl":{"start":{"line":85,"column":2},"end":{"line":85,"column":3}},"loc":{"start":{"line":85,"column":33},"end":{"line":94,"column":3}},"line":85},"7":{"name":"(anonymous_7)","decl":{"start":{"line":96,"column":2},"end":{"line":96,"column":3}},"loc":{"start":{"line":96,"column":33},"end":{"line":105,"column":3}},"line":96}},"branchMap":{"0":{"loc":{"start":{"line":34,"column":4},"end":{"line":36,"column":5}},"type":"if","locations":[{"start":{"line":34,"column":4},"end":{"line":36,"column":5}},{"start":{"line":34,"column":4},"end":{"line":36,"column":5}}],"line":34},"1":{"loc":{"start":{"line":48,"column":4},"end":{"line":50,"column":5}},"type":"if","locations":[{"start":{"line":48,"column":4},"end":{"line":50,"column":5}},{"start":{"line":48,"column":4},"end":{"line":50,"column":5}}],"line":48},"2":{"loc":{"start":{"line":64,"column":4},"end":{"line":66,"column":5}},"type":"if","locations":[{"start":{"line":64,"column":4},"end":{"line":66,"column":5}},{"start":{"line":64,"column":4},"end":{"line":66,"column":5}}],"line":64}},"s":{"0":5,"1":5,"2":2,"3":2,"4":2,"5":2,"6":6,"7":6,"8":2,"9":4,"10":4,"11":4,"12":2,"13":2,"14":4,"15":4,"16":4,"17":1,"18":3,"19":4,"20":4,"21":3,"22":2,"23":5},"f":{"0":2,"1":2,"2":6,"3":4,"4":4,"5":4,"6":3,"7":2},"b":{"0":[2,4],"1":[2,2],"2":[1,3]},"_coverageSchema":"1a1c01bbd47fc00a2c39e90264f33305004495a9","hash":"003929af9d0a302d4696bf3c12d5aba416d9ed87"}
,"/Users/deyan/Desktop/projects/mixer-backend/models/ingredient.js": {"path":"/Users/deyan/Desktop/projects/mixer-backend/models/ingredient.js","statementMap":{"0":{"start":{"line":1,"column":11},"end":{"line":1,"column":27}},"1":{"start":{"line":2,"column":21},"end":{"line":2,"column":47}},"2":{"start":{"line":6,"column":19},"end":{"line":12,"column":5}},"3":{"start":{"line":14,"column":4},"end":{"line":14,"column":23}},"4":{"start":{"line":18,"column":19},"end":{"line":25,"column":5}},"5":{"start":{"line":27,"column":4},"end":{"line":27,"column":23}},"6":{"start":{"line":31,"column":19},"end":{"line":37,"column":5}},"7":{"start":{"line":38,"column":4},"end":{"line":40,"column":5}},"8":{"start":{"line":39,"column":6},"end":{"line":39,"column":58}},"9":{"start":{"line":42,"column":4},"end":{"line":42,"column":26}},"10":{"start":{"line":46,"column":19},"end":{"line":52,"column":5}},"11":{"start":{"line":53,"column":4},"end":{"line":55,"column":5}},"12":{"start":{"line":54,"column":6},"end":{"line":54,"column":58}},"13":{"start":{"line":56,"column":4},"end":{"line":56,"column":26}},"14":{"start":{"line":60,"column":16},"end":{"line":60,"column":41}},"15":{"start":{"line":61,"column":19},"end":{"line":68,"column":5}},"16":{"start":{"line":69,"column":4},"end":{"line":71,"column":5}},"17":{"start":{"line":70,"column":6},"end":{"line":70,"column":58}},"18":{"start":{"line":72,"column":4},"end":{"line":72,"column":23}},"19":{"start":{"line":76,"column":19},"end":{"line":83,"column":5}},"20":{"start":{"line":85,"column":4},"end":{"line":87,"column":5}},"21":{"start":{"line":86,"column":6},"end":{"line":86,"column":58}},"22":{"start":{"line":88,"column":4},"end":{"line":88,"column":23}},"23":{"start":{"line":92,"column":19},"end":{"line":101,"column":5}},"24":{"start":{"line":103,"column":4},"end":{"line":103,"column":23}},"25":{"start":{"line":107,"column":19},"end":{"line":107,"column":51}},"26":{"start":{"line":108,"column":22},"end":{"line":108,"column":62}},"27":{"start":{"line":109,"column":4},"end":{"line":109,"column":21}},"28":{"start":{"line":113,"column":0},"end":{"line":113,"column":28}}},"fnMap":{"0":{"name":"(anonymous_0)","decl":{"start":{"line":5,"column":2},"end":{"line":5,"column":3}},"loc":{"start":{"line":5,"column":24},"end":{"line":15,"column":3}},"line":5},"1":{"name":"(anonymous_1)","decl":{"start":{"line":17,"column":2},"end":{"line":17,"column":3}},"loc":{"start":{"line":17,"column":30},"end":{"line":28,"column":3}},"line":17},"2":{"name":"(anonymous_2)","decl":{"start":{"line":30,"column":2},"end":{"line":30,"column":3}},"loc":{"start":{"line":30,"column":27},"end":{"line":43,"column":3}},"line":30},"3":{"name":"(anonymous_3)","decl":{"start":{"line":45,"column":2},"end":{"line":45,"column":3}},"loc":{"start":{"line":45,"column":31},"end":{"line":57,"column":3}},"line":45},"4":{"name":"(anonymous_4)","decl":{"start":{"line":59,"column":2},"end":{"line":59,"column":3}},"loc":{"start":{"line":59,"column":29},"end":{"line":73,"column":3}},"line":59},"5":{"name":"(anonymous_5)","decl":{"start":{"line":75,"column":2},"end":{"line":75,"column":3}},"loc":{"start":{"line":75,"column":31},"end":{"line":89,"column":3}},"line":75},"6":{"name":"(anonymous_6)","decl":{"start":{"line":91,"column":2},"end":{"line":91,"column":3}},"loc":{"start":{"line":91,"column":32},"end":{"line":104,"column":3}},"line":91},"7":{"name":"(anonymous_7)","decl":{"start":{"line":106,"column":2},"end":{"line":106,"column":3}},"loc":{"start":{"line":106,"column":40},"end":{"line":110,"column":3}},"line":106}},"branchMap":{"0":{"loc":{"start":{"line":38,"column":4},"end":{"line":40,"column":5}},"type":"if","locations":[{"start":{"line":38,"column":4},"end":{"line":40,"column":5}},{"start":{"line":38,"column":4},"end":{"line":40,"column":5}}],"line":38},"1":{"loc":{"start":{"line":53,"column":4},"end":{"line":55,"column":5}},"type":"if","locations":[{"start":{"line":53,"column":4},"end":{"line":55,"column":5}},{"start":{"line":53,"column":4},"end":{"line":55,"column":5}}],"line":53},"2":{"loc":{"start":{"line":69,"column":4},"end":{"line":71,"column":5}},"type":"if","locations":[{"start":{"line":69,"column":4},"end":{"line":71,"column":5}},{"start":{"line":69,"column":4},"end":{"line":71,"column":5}}],"line":69},"3":{"loc":{"start":{"line":85,"column":4},"end":{"line":87,"column":5}},"type":"if","locations":[{"start":{"line":85,"column":4},"end":{"line":87,"column":5}},{"start":{"line":85,"column":4},"end":{"line":87,"column":5}}],"line":85}},"s":{"0":4,"1":4,"2":2,"3":2,"4":2,"5":2,"6":5,"7":5,"8":2,"9":3,"10":8,"11":8,"12":3,"13":5,"14":4,"15":4,"16":4,"17":1,"18":3,"19":3,"20":3,"21":1,"22":2,"23":7,"24":7,"25":3,"26":2,"27":2,"28":4},"f":{"0":2,"1":2,"2":5,"3":8,"4":4,"5":3,"6":7,"7":3},"b":{"0":[2,3],"1":[3,5],"2":[1,3],"3":[1,2]},"_coverageSchema":"1a1c01bbd47fc00a2c39e90264f33305004495a9","hash":"4fe9959504d3d6e67104ef04732019a6af3131bb"}
,"/Users/deyan/Desktop/projects/mixer-backend/models/user.js": {"path":"/Users/deyan/Desktop/projects/mixer-backend/models/user.js","statementMap":{"0":{"start":{"line":1,"column":11},"end":{"line":1,"column":27}},"1":{"start":{"line":2,"column":21},"end":{"line":2,"column":47}},"2":{"start":{"line":3,"column":15},"end":{"line":3,"column":32}},"3":{"start":{"line":4,"column":31},"end":{"line":4,"column":54}},"4":{"start":{"line":5,"column":17},"end":{"line":5,"column":38}},"5":{"start":{"line":9,"column":30},"end":{"line":16,"column":5}},"6":{"start":{"line":18,"column":4},"end":{"line":20,"column":5}},"7":{"start":{"line":19,"column":6},"end":{"line":19,"column":60}},"8":{"start":{"line":22,"column":27},"end":{"line":29,"column":5}},"9":{"start":{"line":31,"column":4},"end":{"line":36,"column":5}},"10":{"start":{"line":32,"column":6},"end":{"line":35,"column":8}},"11":{"start":{"line":38,"column":27},"end":{"line":38,"column":74}},"12":{"start":{"line":40,"column":19},"end":{"line":49,"column":5}},"13":{"start":{"line":51,"column":17},"end":{"line":51,"column":31}},"14":{"start":{"line":52,"column":4},"end":{"line":52,"column":16}},"15":{"start":{"line":56,"column":19},"end":{"line":63,"column":5}},"16":{"start":{"line":64,"column":17},"end":{"line":64,"column":31}},"17":{"start":{"line":66,"column":4},"end":{"line":72,"column":5}},"18":{"start":{"line":67,"column":20},"end":{"line":67,"column":65}},"19":{"start":{"line":68,"column":6},"end":{"line":71,"column":7}},"20":{"start":{"line":69,"column":8},"end":{"line":69,"column":29}},"21":{"start":{"line":70,"column":8},"end":{"line":70,"column":20}},"22":{"start":{"line":73,"column":4},"end":{"line":73,"column":61}},"23":{"start":{"line":77,"column":19},"end":{"line":84,"column":5}},"24":{"start":{"line":85,"column":17},"end":{"line":85,"column":31}},"25":{"start":{"line":86,"column":4},"end":{"line":86,"column":54}},"26":{"start":{"line":87,"column":4},"end":{"line":87,"column":16}},"27":{"start":{"line":91,"column":19},"end":{"line":100,"column":5}},"28":{"start":{"line":101,"column":4},"end":{"line":101,"column":23}},"29":{"start":{"line":105,"column":22},"end":{"line":105,"column":54}},"30":{"start":{"line":106,"column":16},"end":{"line":106,"column":42}},"31":{"start":{"line":106,"column":37},"end":{"line":106,"column":41}},"32":{"start":{"line":109,"column":4},"end":{"line":134,"column":5}},"33":{"start":{"line":110,"column":6},"end":{"line":118,"column":8}},"34":{"start":{"line":120,"column":6},"end":{"line":120,"column":48}},"35":{"start":{"line":121,"column":6},"end":{"line":121,"column":33}},"36":{"start":{"line":122,"column":6},"end":{"line":122,"column":17}},"37":{"start":{"line":124,"column":6},"end":{"line":130,"column":8}},"38":{"start":{"line":131,"column":6},"end":{"line":131,"column":48}},"39":{"start":{"line":132,"column":6},"end":{"line":132,"column":37}},"40":{"start":{"line":133,"column":6},"end":{"line":133,"column":17}},"41":{"start":{"line":135,"column":4},"end":{"line":135,"column":25}},"42":{"start":{"line":139,"column":0},"end":{"line":139,"column":22}}},"fnMap":{"0":{"name":"(anonymous_0)","decl":{"start":{"line":8,"column":2},"end":{"line":8,"column":3}},"loc":{"start":{"line":8,"column":51},"end":{"line":53,"column":3}},"line":8},"1":{"name":"(anonymous_1)","decl":{"start":{"line":55,"column":2},"end":{"line":55,"column":3}},"loc":{"start":{"line":55,"column":41},"end":{"line":74,"column":3}},"line":55},"2":{"name":"(anonymous_2)","decl":{"start":{"line":76,"column":2},"end":{"line":76,"column":3}},"loc":{"start":{"line":76,"column":35},"end":{"line":88,"column":3}},"line":76},"3":{"name":"(anonymous_3)","decl":{"start":{"line":90,"column":2},"end":{"line":90,"column":3}},"loc":{"start":{"line":90,"column":32},"end":{"line":102,"column":3}},"line":90},"4":{"name":"(anonymous_4)","decl":{"start":{"line":104,"column":2},"end":{"line":104,"column":3}},"loc":{"start":{"line":104,"column":49},"end":{"line":136,"column":3}},"line":104},"5":{"name":"(anonymous_5)","decl":{"start":{"line":106,"column":30},"end":{"line":106,"column":31}},"loc":{"start":{"line":106,"column":37},"end":{"line":106,"column":41}},"line":106}},"branchMap":{"0":{"loc":{"start":{"line":18,"column":4},"end":{"line":20,"column":5}},"type":"if","locations":[{"start":{"line":18,"column":4},"end":{"line":20,"column":5}},{"start":{"line":18,"column":4},"end":{"line":20,"column":5}}],"line":18},"1":{"loc":{"start":{"line":31,"column":4},"end":{"line":36,"column":5}},"type":"if","locations":[{"start":{"line":31,"column":4},"end":{"line":36,"column":5}},{"start":{"line":31,"column":4},"end":{"line":36,"column":5}}],"line":31},"2":{"loc":{"start":{"line":66,"column":4},"end":{"line":72,"column":5}},"type":"if","locations":[{"start":{"line":66,"column":4},"end":{"line":72,"column":5}},{"start":{"line":66,"column":4},"end":{"line":72,"column":5}}],"line":66},"3":{"loc":{"start":{"line":68,"column":6},"end":{"line":71,"column":7}},"type":"if","locations":[{"start":{"line":68,"column":6},"end":{"line":71,"column":7}},{"start":{"line":68,"column":6},"end":{"line":71,"column":7}}],"line":68},"4":{"loc":{"start":{"line":109,"column":4},"end":{"line":134,"column":5}},"type":"if","locations":[{"start":{"line":109,"column":4},"end":{"line":134,"column":5}},{"start":{"line":109,"column":4},"end":{"line":134,"column":5}}],"line":109}},"s":{"0":4,"1":4,"2":4,"3":4,"4":4,"5":9,"6":9,"7":2,"8":7,"9":7,"10":1,"11":6,"12":6,"13":6,"14":6,"15":6,"16":6,"17":6,"18":6,"19":6,"20":4,"21":4,"22":2,"23":2,"24":2,"25":2,"26":2,"27":8,"28":8,"29":3,"30":3,"31":3,"32":3,"33":2,"34":2,"35":2,"36":2,"37":1,"38":1,"39":1,"40":1,"41":3,"42":4},"f":{"0":9,"1":6,"2":2,"3":8,"4":3,"5":3},"b":{"0":[2,7],"1":[1,6],"2":[6,0],"3":[4,2],"4":[2,1]},"_coverageSchema":"1a1c01bbd47fc00a2c39e90264f33305004495a9","hash":"6d3c4fe2af84a9243094c9a237a84adf3e15a400"}
,"/Users/deyan/Desktop/projects/mixer-backend/routes/cocktails.js": {"path":"/Users/deyan/Desktop/projects/mixer-backend/routes/cocktails.js","statementMap":{"0":{"start":{"line":1,"column":16},"end":{"line":1,"column":34}},"1":{"start":{"line":2,"column":21},"end":{"line":2,"column":47}},"2":{"start":{"line":3,"column":15},"end":{"line":3,"column":35}},"3":{"start":{"line":4,"column":17},"end":{"line":4,"column":46}},"4":{"start":{"line":5,"column":13},"end":{"line":5,"column":38}},"5":{"start":{"line":6,"column":23},"end":{"line":6,"column":43}},"6":{"start":{"line":7,"column":12},"end":{"line":7,"column":35}},"7":{"start":{"line":9,"column":0},"end":{"line":12,"column":3}},"8":{"start":{"line":10,"column":17},"end":{"line":10,"column":40}},"9":{"start":{"line":11,"column":2},"end":{"line":11,"column":38}},"10":{"start":{"line":14,"column":0},"end":{"line":17,"column":3}},"11":{"start":{"line":15,"column":17},"end":{"line":15,"column":46}},"12":{"start":{"line":16,"column":2},"end":{"line":16,"column":38}},"13":{"start":{"line":19,"column":0},"end":{"line":27,"column":3}},"14":{"start":{"line":20,"column":2},"end":{"line":26,"column":3}},"15":{"start":{"line":21,"column":19},"end":{"line":21,"column":56}},"16":{"start":{"line":22,"column":4},"end":{"line":22,"column":66}},"17":{"start":{"line":23,"column":4},"end":{"line":23,"column":40}},"18":{"start":{"line":25,"column":4},"end":{"line":25,"column":23}},"19":{"start":{"line":29,"column":0},"end":{"line":37,"column":3}},"20":{"start":{"line":30,"column":2},"end":{"line":36,"column":3}},"21":{"start":{"line":31,"column":19},"end":{"line":31,"column":60}},"22":{"start":{"line":32,"column":4},"end":{"line":32,"column":66}},"23":{"start":{"line":33,"column":4},"end":{"line":33,"column":40}},"24":{"start":{"line":35,"column":4},"end":{"line":35,"column":23}},"25":{"start":{"line":39,"column":0},"end":{"line":46,"column":3}},"26":{"start":{"line":40,"column":2},"end":{"line":45,"column":3}},"27":{"start":{"line":41,"column":19},"end":{"line":41,"column":58}},"28":{"start":{"line":42,"column":4},"end":{"line":42,"column":40}},"29":{"start":{"line":44,"column":4},"end":{"line":44,"column":23}},"30":{"start":{"line":48,"column":0},"end":{"line":57,"column":3}},"31":{"start":{"line":49,"column":2},"end":{"line":56,"column":3}},"32":{"start":{"line":50,"column":18},"end":{"line":50,"column":33}},"33":{"start":{"line":51,"column":17},"end":{"line":51,"column":46}},"34":{"start":{"line":52,"column":26},"end":{"line":52,"column":72}},"35":{"start":{"line":53,"column":4},"end":{"line":53,"column":38}},"36":{"start":{"line":55,"column":4},"end":{"line":55,"column":61}},"37":{"start":{"line":59,"column":0},"end":{"line":59,"column":24}}},"fnMap":{"0":{"name":"(anonymous_0)","decl":{"start":{"line":9,"column":16},"end":{"line":9,"column":17}},"loc":{"start":{"line":9,"column":42},"end":{"line":12,"column":1}},"line":9},"1":{"name":"(anonymous_1)","decl":{"start":{"line":14,"column":22},"end":{"line":14,"column":23}},"loc":{"start":{"line":14,"column":48},"end":{"line":17,"column":1}},"line":14},"2":{"name":"(anonymous_2)","decl":{"start":{"line":19,"column":22},"end":{"line":19,"column":23}},"loc":{"start":{"line":19,"column":48},"end":{"line":27,"column":1}},"line":19},"3":{"name":"(anonymous_3)","decl":{"start":{"line":29,"column":26},"end":{"line":29,"column":27}},"loc":{"start":{"line":29,"column":52},"end":{"line":37,"column":1}},"line":29},"4":{"name":"(anonymous_4)","decl":{"start":{"line":39,"column":26},"end":{"line":39,"column":27}},"loc":{"start":{"line":39,"column":52},"end":{"line":46,"column":1}},"line":39},"5":{"name":"(anonymous_5)","decl":{"start":{"line":48,"column":29},"end":{"line":48,"column":30}},"loc":{"start":{"line":48,"column":55},"end":{"line":57,"column":1}},"line":48}},"branchMap":{},"s":{"0":3,"1":3,"2":3,"3":3,"4":3,"5":3,"6":3,"7":3,"8":1,"9":1,"10":3,"11":1,"12":1,"13":3,"14":2,"15":2,"16":1,"17":1,"18":1,"19":3,"20":2,"21":2,"22":1,"23":1,"24":1,"25":3,"26":1,"27":1,"28":1,"29":0,"30":3,"31":0,"32":0,"33":0,"34":0,"35":0,"36":0,"37":3},"f":{"0":1,"1":1,"2":2,"3":2,"4":1,"5":0},"b":{},"_coverageSchema":"1a1c01bbd47fc00a2c39e90264f33305004495a9","hash":"2b5513bd7e558eb406b053a6776e88a9e8ae1d2e"}
,"/Users/deyan/Desktop/projects/mixer-backend/routes/ingredients.js": {"path":"/Users/deyan/Desktop/projects/mixer-backend/routes/ingredients.js","statementMap":{"0":{"start":{"line":1,"column":16},"end":{"line":1,"column":34}},"1":{"start":{"line":2,"column":15},"end":{"line":2,"column":35}},"2":{"start":{"line":3,"column":19},"end":{"line":3,"column":50}},"3":{"start":{"line":5,"column":0},"end":{"line":8,"column":3}},"4":{"start":{"line":6,"column":17},"end":{"line":6,"column":42}},"5":{"start":{"line":7,"column":2},"end":{"line":7,"column":38}},"6":{"start":{"line":10,"column":0},"end":{"line":13,"column":3}},"7":{"start":{"line":11,"column":17},"end":{"line":11,"column":48}},"8":{"start":{"line":12,"column":2},"end":{"line":12,"column":38}},"9":{"start":{"line":15,"column":0},"end":{"line":22,"column":3}},"10":{"start":{"line":16,"column":2},"end":{"line":21,"column":3}},"11":{"start":{"line":17,"column":19},"end":{"line":17,"column":58}},"12":{"start":{"line":18,"column":4},"end":{"line":18,"column":40}},"13":{"start":{"line":20,"column":4},"end":{"line":20,"column":23}},"14":{"start":{"line":24,"column":0},"end":{"line":31,"column":3}},"15":{"start":{"line":25,"column":2},"end":{"line":30,"column":3}},"16":{"start":{"line":26,"column":19},"end":{"line":26,"column":62}},"17":{"start":{"line":27,"column":4},"end":{"line":27,"column":40}},"18":{"start":{"line":29,"column":4},"end":{"line":29,"column":23}},"19":{"start":{"line":33,"column":0},"end":{"line":40,"column":3}},"20":{"start":{"line":34,"column":2},"end":{"line":39,"column":3}},"21":{"start":{"line":35,"column":19},"end":{"line":35,"column":60}},"22":{"start":{"line":36,"column":4},"end":{"line":36,"column":40}},"23":{"start":{"line":38,"column":4},"end":{"line":38,"column":23}},"24":{"start":{"line":42,"column":0},"end":{"line":49,"column":3}},"25":{"start":{"line":43,"column":2},"end":{"line":48,"column":3}},"26":{"start":{"line":44,"column":19},"end":{"line":44,"column":62}},"27":{"start":{"line":45,"column":4},"end":{"line":45,"column":40}},"28":{"start":{"line":47,"column":4},"end":{"line":47,"column":23}},"29":{"start":{"line":51,"column":0},"end":{"line":59,"column":3}},"30":{"start":{"line":52,"column":2},"end":{"line":58,"column":3}},"31":{"start":{"line":53,"column":19},"end":{"line":53,"column":58}},"32":{"start":{"line":54,"column":4},"end":{"line":54,"column":68}},"33":{"start":{"line":55,"column":4},"end":{"line":55,"column":40}},"34":{"start":{"line":57,"column":4},"end":{"line":57,"column":23}},"35":{"start":{"line":61,"column":0},"end":{"line":69,"column":3}},"36":{"start":{"line":62,"column":2},"end":{"line":68,"column":3}},"37":{"start":{"line":63,"column":19},"end":{"line":63,"column":62}},"38":{"start":{"line":64,"column":4},"end":{"line":64,"column":64}},"39":{"start":{"line":65,"column":4},"end":{"line":65,"column":40}},"40":{"start":{"line":67,"column":4},"end":{"line":67,"column":23}},"41":{"start":{"line":71,"column":0},"end":{"line":71,"column":24}}},"fnMap":{"0":{"name":"(anonymous_0)","decl":{"start":{"line":5,"column":16},"end":{"line":5,"column":17}},"loc":{"start":{"line":5,"column":42},"end":{"line":8,"column":1}},"line":5},"1":{"name":"(anonymous_1)","decl":{"start":{"line":10,"column":22},"end":{"line":10,"column":23}},"loc":{"start":{"line":10,"column":48},"end":{"line":13,"column":1}},"line":10},"2":{"name":"(anonymous_2)","decl":{"start":{"line":15,"column":22},"end":{"line":15,"column":23}},"loc":{"start":{"line":15,"column":48},"end":{"line":22,"column":1}},"line":15},"3":{"name":"(anonymous_3)","decl":{"start":{"line":24,"column":26},"end":{"line":24,"column":27}},"loc":{"start":{"line":24,"column":52},"end":{"line":31,"column":1}},"line":24},"4":{"name":"(anonymous_4)","decl":{"start":{"line":33,"column":26},"end":{"line":33,"column":27}},"loc":{"start":{"line":33,"column":52},"end":{"line":40,"column":1}},"line":33},"5":{"name":"(anonymous_5)","decl":{"start":{"line":42,"column":26},"end":{"line":42,"column":27}},"loc":{"start":{"line":42,"column":52},"end":{"line":49,"column":1}},"line":42},"6":{"name":"(anonymous_6)","decl":{"start":{"line":51,"column":29},"end":{"line":51,"column":30}},"loc":{"start":{"line":51,"column":55},"end":{"line":59,"column":1}},"line":51},"7":{"name":"(anonymous_7)","decl":{"start":{"line":61,"column":36},"end":{"line":61,"column":37}},"loc":{"start":{"line":61,"column":62},"end":{"line":69,"column":1}},"line":61}},"branchMap":{},"s":{"0":3,"1":3,"2":3,"3":3,"4":1,"5":1,"6":3,"7":1,"8":1,"9":3,"10":2,"11":2,"12":1,"13":1,"14":3,"15":2,"16":2,"17":1,"18":1,"19":3,"20":1,"21":1,"22":1,"23":0,"24":3,"25":1,"26":1,"27":1,"28":0,"29":3,"30":1,"31":1,"32":1,"33":1,"34":0,"35":3,"36":1,"37":1,"38":1,"39":1,"40":0,"41":3},"f":{"0":1,"1":1,"2":2,"3":2,"4":1,"5":1,"6":1,"7":1},"b":{},"_coverageSchema":"1a1c01bbd47fc00a2c39e90264f33305004495a9","hash":"915787cd5626c4d9f15663f93df4e392b1e84471"}
,"/Users/deyan/Desktop/projects/mixer-backend/routes/users.js": {"path":"/Users/deyan/Desktop/projects/mixer-backend/routes/users.js","statementMap":{"0":{"start":{"line":1,"column":16},"end":{"line":1,"column":34}},"1":{"start":{"line":2,"column":15},"end":{"line":2,"column":35}},"2":{"start":{"line":3,"column":21},"end":{"line":3,"column":47}},"3":{"start":{"line":4,"column":19},"end":{"line":4,"column":40}},"4":{"start":{"line":5,"column":13},"end":{"line":5,"column":38}},"5":{"start":{"line":6,"column":27},"end":{"line":6,"column":66}},"6":{"start":{"line":7,"column":24},"end":{"line":7,"column":60}},"7":{"start":{"line":8,"column":23},"end":{"line":8,"column":43}},"8":{"start":{"line":9,"column":12},"end":{"line":9,"column":35}},"9":{"start":{"line":10,"column":12},"end":{"line":10,"column":42}},"10":{"start":{"line":12,"column":0},"end":{"line":26,"column":3}},"11":{"start":{"line":13,"column":2},"end":{"line":25,"column":3}},"12":{"start":{"line":14,"column":22},"end":{"line":14,"column":71}},"13":{"start":{"line":15,"column":4},"end":{"line":18,"column":5}},"14":{"start":{"line":16,"column":21},"end":{"line":16,"column":57}},"15":{"start":{"line":16,"column":49},"end":{"line":16,"column":56}},"16":{"start":{"line":17,"column":6},"end":{"line":17,"column":42}},"17":{"start":{"line":19,"column":42},"end":{"line":19,"column":50}},"18":{"start":{"line":20,"column":17},"end":{"line":20,"column":63}},"19":{"start":{"line":21,"column":18},"end":{"line":21,"column":44}},"20":{"start":{"line":22,"column":4},"end":{"line":22,"column":51}},"21":{"start":{"line":24,"column":4},"end":{"line":24,"column":23}},"22":{"start":{"line":28,"column":0},"end":{"line":43,"column":3}},"23":{"start":{"line":29,"column":2},"end":{"line":42,"column":3}},"24":{"start":{"line":30,"column":22},"end":{"line":30,"column":68}},"25":{"start":{"line":31,"column":4},"end":{"line":34,"column":5}},"26":{"start":{"line":32,"column":21},"end":{"line":32,"column":57}},"27":{"start":{"line":32,"column":49},"end":{"line":32,"column":56}},"28":{"start":{"line":33,"column":6},"end":{"line":33,"column":42}},"29":{"start":{"line":35,"column":35},"end":{"line":35,"column":43}},"30":{"start":{"line":36,"column":17},"end":{"line":36,"column":53}},"31":{"start":{"line":37,"column":4},"end":{"line":37,"column":21}},"32":{"start":{"line":38,"column":18},"end":{"line":38,"column":44}},"33":{"start":{"line":39,"column":4},"end":{"line":39,"column":51}},"34":{"start":{"line":41,"column":4},"end":{"line":41,"column":23}},"35":{"start":{"line":45,"column":0},"end":{"line":52,"column":3}},"36":{"start":{"line":46,"column":2},"end":{"line":51,"column":3}},"37":{"start":{"line":47,"column":17},"end":{"line":47,"column":58}},"38":{"start":{"line":48,"column":4},"end":{"line":48,"column":38}},"39":{"start":{"line":50,"column":4},"end":{"line":50,"column":23}},"40":{"start":{"line":54,"column":0},"end":{"line":54,"column":24}}},"fnMap":{"0":{"name":"(anonymous_0)","decl":{"start":{"line":12,"column":25},"end":{"line":12,"column":26}},"loc":{"start":{"line":12,"column":51},"end":{"line":26,"column":1}},"line":12},"1":{"name":"(anonymous_1)","decl":{"start":{"line":16,"column":42},"end":{"line":16,"column":43}},"loc":{"start":{"line":16,"column":49},"end":{"line":16,"column":56}},"line":16},"2":{"name":"(anonymous_2)","decl":{"start":{"line":28,"column":22},"end":{"line":28,"column":23}},"loc":{"start":{"line":28,"column":48},"end":{"line":43,"column":1}},"line":28},"3":{"name":"(anonymous_3)","decl":{"start":{"line":32,"column":42},"end":{"line":32,"column":43}},"loc":{"start":{"line":32,"column":49},"end":{"line":32,"column":56}},"line":32},"4":{"name":"(anonymous_4)","decl":{"start":{"line":45,"column":21},"end":{"line":45,"column":22}},"loc":{"start":{"line":45,"column":47},"end":{"line":52,"column":1}},"line":45}},"branchMap":{"0":{"loc":{"start":{"line":15,"column":4},"end":{"line":18,"column":5}},"type":"if","locations":[{"start":{"line":15,"column":4},"end":{"line":18,"column":5}},{"start":{"line":15,"column":4},"end":{"line":18,"column":5}}],"line":15},"1":{"loc":{"start":{"line":31,"column":4},"end":{"line":34,"column":5}},"type":"if","locations":[{"start":{"line":31,"column":4},"end":{"line":34,"column":5}},{"start":{"line":31,"column":4},"end":{"line":34,"column":5}}],"line":31}},"s":{"0":3,"1":3,"2":3,"3":3,"4":3,"5":3,"6":3,"7":3,"8":3,"9":3,"10":3,"11":6,"12":6,"13":6,"14":3,"15":4,"16":3,"17":3,"18":3,"19":1,"20":1,"21":5,"22":3,"23":2,"24":2,"25":2,"26":0,"27":0,"28":0,"29":2,"30":2,"31":1,"32":1,"33":1,"34":1,"35":3,"36":1,"37":1,"38":1,"39":0,"40":3},"f":{"0":6,"1":4,"2":2,"3":0,"4":1},"b":{"0":[3,3],"1":[0,2]},"_coverageSchema":"1a1c01bbd47fc00a2c39e90264f33305004495a9","hash":"68db6c68691f05d846cea90cc1be42be63fb5f53"}
}
