TN:
SF:_testCommon.js
FN:3,commonBeforeEach
FN:7,commonAfterEach
FN:11,commonAfterAll
FNF:3
FNH:3
FNDA:61,commonBeforeEach
FNDA:61,commonAfterEach
FNDA:6,commonAfterAll
DA:1,6
DA:4,61
DA:8,61
DA:12,6
DA:15,6
LF:5
LH:5
BRF:0
BRH:0
end_of_record
TN:
SF:app.js
FN:15,(anonymous_0)
FN:20,(anonymous_1)
FNF:2
FNH:1
FNDA:0,(anonymous_0)
FNDA:10,(anonymous_1)
DA:1,3
DA:2,3
DA:3,3
DA:4,3
DA:5,3
DA:6,3
DA:7,3
DA:9,3
DA:10,3
DA:11,3
DA:12,3
DA:13,3
DA:15,3
DA:16,0
DA:17,0
DA:20,3
DA:21,10
DA:22,10
DA:23,10
DA:26,3
LF:20
LH:18
BRDA:21,0,0,10
BRDA:21,0,1,0
BRF:2
BRH:1
end_of_record
TN:
SF:config.js
FN:5,getDatabaseUri
FNF:1
FNH:1
FNDA:6,getDatabaseUri
DA:3,6
DA:6,6
DA:12,6
DA:15,6
DA:17,6
DA:19,6
LF:6
LH:6
BRDA:6,0,0,6
BRDA:6,0,1,0
BRDA:8,1,0,0
BRDA:8,1,1,0
BRDA:12,2,0,6
BRDA:12,2,1,6
BRDA:17,3,0,6
BRDA:17,3,1,6
BRF:8
BRH:5
end_of_record
TN:
SF:db.js
FNF:0
FNH:0
DA:1,6
DA:2,6
DA:6,6
DA:7,0
DA:14,6
DA:19,6
DA:21,6
LF:7
LH:6
BRDA:6,0,0,0
BRDA:6,0,1,6
BRF:2
BRH:1
end_of_record
TN:
SF:expressError.js
FN:2,(anonymous_0)
FNF:1
FNH:1
FNDA:20,(anonymous_0)
DA:3,20
DA:4,20
DA:5,20
DA:10,6
LF:4
LH:4
BRF:0
BRH:0
end_of_record
TN:
SF:models/cocktail.js
FN:5,(anonymous_0)
FN:13,(anonymous_1)
FN:26,(anonymous_2)
FN:40,(anonymous_3)
FN:54,(anonymous_4)
FN:70,(anonymous_5)
FN:85,(anonymous_6)
FN:96,(anonymous_7)
FNF:8
FNH:8
FNDA:2,(anonymous_0)
FNDA:2,(anonymous_1)
FNDA:6,(anonymous_2)
FNDA:4,(anonymous_3)
FNDA:4,(anonymous_4)
FNDA:4,(anonymous_5)
FNDA:3,(anonymous_6)
FNDA:2,(anonymous_7)
DA:1,5
DA:2,5
DA:6,2
DA:10,2
DA:14,2
DA:23,2
DA:27,6
DA:34,6
DA:35,2
DA:37,4
DA:41,4
DA:48,4
DA:49,2
DA:51,2
DA:55,4
DA:56,4
DA:64,4
DA:65,1
DA:67,3
DA:71,4
DA:82,4
DA:86,3
DA:97,2
DA:108,5
LF:24
LH:24
BRDA:34,0,0,2
BRDA:34,0,1,4
BRDA:48,1,0,2
BRDA:48,1,1,2
BRDA:64,2,0,1
BRDA:64,2,1,3
BRF:6
BRH:6
end_of_record
TN:
SF:models/ingredient.js
FN:5,(anonymous_0)
FN:17,(anonymous_1)
FN:30,(anonymous_2)
FN:45,(anonymous_3)
FN:59,(anonymous_4)
FN:75,(anonymous_5)
FN:91,(anonymous_6)
FN:106,(anonymous_7)
FNF:8
FNH:8
FNDA:2,(anonymous_0)
FNDA:2,(anonymous_1)
FNDA:5,(anonymous_2)
FNDA:8,(anonymous_3)
FNDA:4,(anonymous_4)
FNDA:3,(anonymous_5)
FNDA:7,(anonymous_6)
FNDA:3,(anonymous_7)
DA:1,4
DA:2,4
DA:6,2
DA:14,2
DA:18,2
DA:27,2
DA:31,5
DA:38,5
DA:39,2
DA:42,3
DA:46,8
DA:53,8
DA:54,3
DA:56,5
DA:60,4
DA:61,4
DA:69,4
DA:70,1
DA:72,3
DA:76,3
DA:85,3
DA:86,1
DA:88,2
DA:92,7
DA:103,7
DA:107,3
DA:108,2
DA:109,2
DA:113,4
LF:29
LH:29
BRDA:38,0,0,2
BRDA:38,0,1,3
BRDA:53,1,0,3
BRDA:53,1,1,5
BRDA:69,2,0,1
BRDA:69,2,1,3
BRDA:85,3,0,1
BRDA:85,3,1,2
BRF:8
BRH:8
end_of_record
TN:
SF:models/user.js
FN:8,(anonymous_0)
FN:55,(anonymous_1)
FN:76,(anonymous_2)
FN:90,(anonymous_3)
FN:104,(anonymous_4)
FN:106,(anonymous_5)
FNF:6
FNH:6
FNDA:9,(anonymous_0)
FNDA:6,(anonymous_1)
FNDA:2,(anonymous_2)
FNDA:8,(anonymous_3)
FNDA:3,(anonymous_4)
FNDA:3,(anonymous_5)
DA:1,4
DA:2,4
DA:3,4
DA:4,4
DA:5,4
DA:9,9
DA:18,9
DA:19,2
DA:22,7
DA:31,7
DA:32,1
DA:38,6
DA:40,6
DA:51,6
DA:52,6
DA:56,6
DA:64,6
DA:66,6
DA:67,6
DA:68,6
DA:69,4
DA:70,4
DA:73,2
DA:77,2
DA:85,2
DA:86,2
DA:87,2
DA:91,8
DA:101,8
DA:105,3
DA:106,3
DA:109,3
DA:110,2
DA:120,2
DA:121,2
DA:122,2
DA:124,1
DA:131,1
DA:132,1
DA:133,1
DA:135,3
DA:139,4
LF:42
LH:42
BRDA:18,0,0,2
BRDA:18,0,1,7
BRDA:31,1,0,1
BRDA:31,1,1,6
BRDA:66,2,0,6
BRDA:66,2,1,0
BRDA:68,3,0,4
BRDA:68,3,1,2
BRDA:109,4,0,2
BRDA:109,4,1,1
BRF:10
BRH:9
end_of_record
TN:
SF:routes/cocktails.js
FN:9,(anonymous_0)
FN:14,(anonymous_1)
FN:19,(anonymous_2)
FN:29,(anonymous_3)
FN:39,(anonymous_4)
FN:48,(anonymous_5)
FNF:6
FNH:5
FNDA:1,(anonymous_0)
FNDA:1,(anonymous_1)
FNDA:2,(anonymous_2)
FNDA:2,(anonymous_3)
FNDA:1,(anonymous_4)
FNDA:0,(anonymous_5)
DA:1,3
DA:2,3
DA:3,3
DA:4,3
DA:5,3
DA:6,3
DA:7,3
DA:9,3
DA:10,1
DA:11,1
DA:14,3
DA:15,1
DA:16,1
DA:19,3
DA:20,2
DA:21,2
DA:22,1
DA:23,1
DA:25,1
DA:29,3
DA:30,2
DA:31,2
DA:32,1
DA:33,1
DA:35,1
DA:39,3
DA:40,1
DA:41,1
DA:42,1
DA:44,0
DA:48,3
DA:49,0
DA:50,0
DA:51,0
DA:52,0
DA:53,0
DA:55,0
DA:59,3
LF:38
LH:31
BRF:0
BRH:0
end_of_record
TN:
SF:routes/ingredients.js
FN:5,(anonymous_0)
FN:10,(anonymous_1)
FN:15,(anonymous_2)
FN:24,(anonymous_3)
FN:33,(anonymous_4)
FN:42,(anonymous_5)
FN:51,(anonymous_6)
FN:61,(anonymous_7)
FNF:8
FNH:8
FNDA:1,(anonymous_0)
FNDA:1,(anonymous_1)
FNDA:2,(anonymous_2)
FNDA:2,(anonymous_3)
FNDA:1,(anonymous_4)
FNDA:1,(anonymous_5)
FNDA:1,(anonymous_6)
FNDA:1,(anonymous_7)
DA:1,3
DA:2,3
DA:3,3
DA:5,3
DA:6,1
DA:7,1
DA:10,3
DA:11,1
DA:12,1
DA:15,3
DA:16,2
DA:17,2
DA:18,1
DA:20,1
DA:24,3
DA:25,2
DA:26,2
DA:27,1
DA:29,1
DA:33,3
DA:34,1
DA:35,1
DA:36,1
DA:38,0
DA:42,3
DA:43,1
DA:44,1
DA:45,1
DA:47,0
DA:51,3
DA:52,1
DA:53,1
DA:54,1
DA:55,1
DA:57,0
DA:61,3
DA:62,1
DA:63,1
DA:64,1
DA:65,1
DA:67,0
DA:71,3
LF:42
LH:38
BRF:0
BRH:0
end_of_record
TN:
SF:routes/users.js
FN:12,(anonymous_0)
FN:16,(anonymous_1)
FN:28,(anonymous_2)
FN:32,(anonymous_3)
FN:45,(anonymous_4)
FNF:5
FNH:4
FNDA:6,(anonymous_0)
FNDA:4,(anonymous_1)
FNDA:2,(anonymous_2)
FNDA:0,(anonymous_3)
FNDA:1,(anonymous_4)
DA:1,3
DA:2,3
DA:3,3
DA:4,3
DA:5,3
DA:6,3
DA:7,3
DA:8,3
DA:9,3
DA:10,3
DA:12,3
DA:13,6
DA:14,6
DA:15,6
DA:16,4
DA:17,3
DA:19,3
DA:20,3
DA:21,1
DA:22,1
DA:24,5
DA:28,3
DA:29,2
DA:30,2
DA:31,2
DA:32,0
DA:33,0
DA:35,2
DA:36,2
DA:37,1
DA:38,1
DA:39,1
DA:41,1
DA:45,3
DA:46,1
DA:47,1
DA:48,1
DA:50,0
DA:54,3
LF:39
LH:36
BRDA:15,0,0,3
BRDA:15,0,1,3
BRDA:31,1,0,0
BRDA:31,1,1,2
BRF:4
BRH:3
end_of_record
